0 info it worked if it ends with ok
1 verbose cli [ 'C:\\Program Files\\nodejs\\node.exe',
1 verbose cli   'C:\\Program Files\\nodejs\\node_modules\\npm\\bin\\npm-cli.js',
1 verbose cli   'install',
1 verbose cli   'nodejs-legacy' ]
2 info using npm@2.15.0
3 info using node@v4.4.2
4 verbose install initial load of C:\wamp\www\wp-design-community\wp-content\themes\wp-design-community\package.json
5 verbose installManyTop reading scoped package data from C:\wamp\www\wp-design-community\wp-content\themes\wp-design-community\node_modules\browser-sync\package.json
6 verbose installManyTop reading scoped package data from C:\wamp\www\wp-design-community\wp-content\themes\wp-design-community\node_modules\event-stream\package.json
7 verbose installManyTop reading scoped package data from C:\wamp\www\wp-design-community\wp-content\themes\wp-design-community\node_modules\flickity\package.json
8 verbose installManyTop reading scoped package data from C:\wamp\www\wp-design-community\wp-content\themes\wp-design-community\node_modules\github-ias\package.json
9 verbose installManyTop reading scoped package data from C:\wamp\www\wp-design-community\wp-content\themes\wp-design-community\node_modules\github-imagefill\package.json
10 verbose installManyTop reading scoped package data from C:\wamp\www\wp-design-community\wp-content\themes\wp-design-community\node_modules\github-selection-sharer\package.json
11 verbose installManyTop reading scoped package data from C:\wamp\www\wp-design-community\wp-content\themes\wp-design-community\node_modules\grunt-cli\package.json
12 verbose installManyTop reading scoped package data from C:\wamp\www\wp-design-community\wp-content\themes\wp-design-community\node_modules\gulp\package.json
13 verbose installManyTop reading scoped package data from C:\wamp\www\wp-design-community\wp-content\themes\wp-design-community\node_modules\gulp-autoprefixer\package.json
14 verbose installManyTop reading scoped package data from C:\wamp\www\wp-design-community\wp-content\themes\wp-design-community\node_modules\gulp-inject\package.json
15 verbose installManyTop reading scoped package data from C:\wamp\www\wp-design-community\wp-content\themes\wp-design-community\node_modules\gulp-notify\package.json
16 verbose installManyTop reading scoped package data from C:\wamp\www\wp-design-community\wp-content\themes\wp-design-community\node_modules\gulp-print\package.json
17 verbose installManyTop reading scoped package data from C:\wamp\www\wp-design-community\wp-content\themes\wp-design-community\node_modules\gulp-real-favicon\package.json
18 verbose installManyTop reading scoped package data from C:\wamp\www\wp-design-community\wp-content\themes\wp-design-community\node_modules\gulp-rename\package.json
19 verbose installManyTop reading scoped package data from C:\wamp\www\wp-design-community\wp-content\themes\wp-design-community\node_modules\gulp-replace\package.json
20 verbose installManyTop reading scoped package data from C:\wamp\www\wp-design-community\wp-content\themes\wp-design-community\node_modules\gulp-rimraf\package.json
21 verbose installManyTop reading scoped package data from C:\wamp\www\wp-design-community\wp-content\themes\wp-design-community\node_modules\gulp-uglify\package.json
22 verbose installManyTop reading scoped package data from C:\wamp\www\wp-design-community\wp-content\themes\wp-design-community\node_modules\gulp-uglifycss\package.json
23 verbose installManyTop reading scoped package data from C:\wamp\www\wp-design-community\wp-content\themes\wp-design-community\node_modules\gulp-watch\package.json
24 verbose installManyTop reading scoped package data from C:\wamp\www\wp-design-community\wp-content\themes\wp-design-community\node_modules\imagesloaded\package.json
25 verbose installManyTop reading scoped package data from C:\wamp\www\wp-design-community\wp-content\themes\wp-design-community\node_modules\jquery-plugin-printthis\package.json
26 verbose installManyTop reading scoped package data from C:\wamp\www\wp-design-community\wp-content\themes\wp-design-community\node_modules\masonry-layout\package.json
27 verbose installManyTop reading scoped package data from C:\wamp\www\wp-design-community\wp-content\themes\wp-design-community\node_modules\medium-editor\package.json
28 verbose installManyTop reading scoped package data from C:\wamp\www\wp-design-community\wp-content\themes\wp-design-community\node_modules\moment\package.json
29 verbose installManyTop reading scoped package data from C:\wamp\www\wp-design-community\wp-content\themes\wp-design-community\node_modules\napa\package.json
30 verbose installManyTop reading scoped package data from C:\wamp\www\wp-design-community\wp-content\themes\wp-design-community\node_modules\opn\package.json
31 verbose installManyTop reading scoped package data from C:\wamp\www\wp-design-community\wp-content\themes\wp-design-community\node_modules\pikaday\package.json
32 verbose installManyTop reading scoped package data from C:\wamp\www\wp-design-community\wp-content\themes\wp-design-community\node_modules\run-sequence\package.json
33 verbose installManyTop reading scoped package data from C:\wamp\www\wp-design-community\wp-content\themes\wp-design-community\node_modules\stream-series\package.json
34 info package.json github-imagefill@0.0.0 No license field.
35 info package.json gulp-inject@3.0.0 No license field.
36 info package.json gulp-notify@2.2.0 No license field.
37 info package.json gulp-rename@1.2.2 No license field.
38 info package.json jquery-ias@2.2.1 license should be a valid SPDX license expression
39 info package.json pikaday@1.4.0 No license field.
40 verbose readDependencies loading dependencies from C:\wamp\www\wp-design-community\wp-content\themes\wp-design-community\package.json
41 silly cache add args [ 'nodejs-legacy', null ]
42 verbose cache add spec nodejs-legacy
43 silly cache add parsed spec Result {
43 silly cache add   raw: 'nodejs-legacy',
43 silly cache add   scope: null,
43 silly cache add   name: 'nodejs-legacy',
43 silly cache add   rawSpec: '',
43 silly cache add   spec: 'latest',
43 silly cache add   type: 'tag' }
44 silly addNamed nodejs-legacy@latest
45 verbose addNamed "latest" is being treated as a dist-tag for nodejs-legacy
46 info addNameTag [ 'nodejs-legacy', 'latest' ]
47 silly mapToRegistry name nodejs-legacy
48 silly mapToRegistry using default registry
49 silly mapToRegistry registry https://registry.npmjs.org/
50 silly mapToRegistry data Result {
50 silly mapToRegistry   raw: 'nodejs-legacy',
50 silly mapToRegistry   scope: null,
50 silly mapToRegistry   name: 'nodejs-legacy',
50 silly mapToRegistry   rawSpec: '',
50 silly mapToRegistry   spec: 'latest',
50 silly mapToRegistry   type: 'tag' }
51 silly mapToRegistry uri https://registry.npmjs.org/nodejs-legacy
52 verbose addNameTag registry:https://registry.npmjs.org/nodejs-legacy not in flight; fetching
53 verbose request uri https://registry.npmjs.org/nodejs-legacy
54 verbose request no auth needed
55 info attempt registry request try #1 at 18:44:42
56 verbose request id 56560b9f2d39c735
57 http request GET https://registry.npmjs.org/nodejs-legacy
58 http 404 https://registry.npmjs.org/nodejs-legacy
59 verbose headers { 'content-type': 'application/json',
59 verbose headers   'cache-control': 'max-age=0',
59 verbose headers   'content-length': '2',
59 verbose headers   'accept-ranges': 'bytes',
59 verbose headers   date: 'Sun, 17 Apr 2016 16:44:57 GMT',
59 verbose headers   via: '1.1 varnish',
59 verbose headers   age: '0',
59 verbose headers   connection: 'keep-alive',
59 verbose headers   'x-served-by': 'cache-ams4141-AMS',
59 verbose headers   'x-cache': 'MISS',
59 verbose headers   'x-cache-hits': '0',
59 verbose headers   'x-timer': 'S1460911497.567536,VS0,VE182',
59 verbose headers   vary: 'Accept-Encoding' }
60 silly get cb [ 404,
60 silly get   { 'content-type': 'application/json',
60 silly get     'cache-control': 'max-age=0',
60 silly get     'content-length': '2',
60 silly get     'accept-ranges': 'bytes',
60 silly get     date: 'Sun, 17 Apr 2016 16:44:57 GMT',
60 silly get     via: '1.1 varnish',
60 silly get     age: '0',
60 silly get     connection: 'keep-alive',
60 silly get     'x-served-by': 'cache-ams4141-AMS',
60 silly get     'x-cache': 'MISS',
60 silly get     'x-cache-hits': '0',
60 silly get     'x-timer': 'S1460911497.567536,VS0,VE182',
60 silly get     vary: 'Accept-Encoding' } ]
61 verbose stack Error: Registry returned 404 for GET on https://registry.npmjs.org/nodejs-legacy
61 verbose stack     at makeError (C:\Program Files\nodejs\node_modules\npm\node_modules\npm-registry-client\lib\request.js:264:12)
61 verbose stack     at CachingRegistryClient.<anonymous> (C:\Program Files\nodejs\node_modules\npm\node_modules\npm-registry-client\lib\request.js:242:14)
61 verbose stack     at Request._callback (C:\Program Files\nodejs\node_modules\npm\node_modules\npm-registry-client\lib\request.js:172:14)
61 verbose stack     at Request.self.callback (C:\Program Files\nodejs\node_modules\npm\node_modules\request\request.js:199:22)
61 verbose stack     at emitTwo (events.js:87:13)
61 verbose stack     at Request.emit (events.js:172:7)
61 verbose stack     at Request.<anonymous> (C:\Program Files\nodejs\node_modules\npm\node_modules\request\request.js:1036:10)
61 verbose stack     at emitOne (events.js:82:20)
61 verbose stack     at Request.emit (events.js:169:7)
61 verbose stack     at IncomingMessage.<anonymous> (C:\Program Files\nodejs\node_modules\npm\node_modules\request\request.js:963:12)
62 verbose statusCode 404
63 verbose pkgid nodejs-legacy
64 verbose cwd C:\wamp\www\wp-design-community\wp-content\themes\wp-design-community
65 error Windows_NT 10.0.10586
66 error argv "C:\\Program Files\\nodejs\\node.exe" "C:\\Program Files\\nodejs\\node_modules\\npm\\bin\\npm-cli.js" "install" "nodejs-legacy"
67 error node v4.4.2
68 error npm  v2.15.0
69 error code E404
70 error 404 Registry returned 404 for GET on https://registry.npmjs.org/nodejs-legacy
70 error 404
70 error 404 'nodejs-legacy' is not in the npm registry.
70 error 404 You should bug the author to publish it (or use the name yourself!)
70 error 404 It was specified as a dependency of 'wpdesigncommunity'
70 error 404
70 error 404 Note that you can also install from a
70 error 404 tarball, folder, http url, or git url.
71 verbose exit [ 1, true ]
